<?xml version="1.0" encoding="UTF-8"?>
<testng-results skipped="0" failed="0" ignored="0" total="1" passed="1">
  <reporter-output>
  </reporter-output>
  <suite name="Default suite" duration-ms="54005" started-at="2021-03-21T03:57:18Z" finished-at="2021-03-21T03:58:12Z">
    <groups>
    </groups>
    <test name="Default test" duration-ms="54005" started-at="2021-03-21T03:57:18Z" finished-at="2021-03-21T03:58:12Z">
      <class name="com.automation.testcases.loginAll">
        <test-method status="PASS" signature="beforeSuiteConfig()[pri:0, instance:com.automation.testcases.loginAll@3ffc5af1]" name="beforeSuiteConfig" is-config="true" duration-ms="621" started-at="2021-03-21T03:57:18Z" finished-at="2021-03-21T03:57:18Z">
          <reporter-output>
          </reporter-output>
        </test-method> <!-- beforeSuiteConfig -->
        <test-method status="PASS" signature="setup()[pri:0, instance:com.automation.testcases.loginAll@3ffc5af1]" name="setup" is-config="true" duration-ms="35978" started-at="2021-03-21T03:57:18Z" finished-at="2021-03-21T03:57:54Z">
          <reporter-output>
          </reporter-output>
        </test-method> <!-- setup -->
        <test-method status="PASS" signature="loginGmail()[pri:0, instance:com.automation.testcases.loginAll@3ffc5af1]" name="loginGmail" duration-ms="16470" started-at="2021-03-21T03:57:54Z" finished-at="2021-03-21T03:58:11Z">
          <reporter-output>
          </reporter-output>
        </test-method> <!-- loginGmail -->
        <test-method status="PASS" signature="tearDown()[pri:0, instance:com.automation.testcases.loginAll@3ffc5af1]" name="tearDown" is-config="true" duration-ms="1518" started-at="2021-03-21T03:58:11Z" finished-at="2021-03-21T03:58:12Z">
          <reporter-output>
          </reporter-output>
        </test-method> <!-- tearDown -->
      </class> <!-- com.automation.testcases.loginAll -->
    </test> <!-- Default test -->
  </suite> <!-- Default suite -->
</testng-results>
